\BOOKMARK [0][-]{chapter*.2}{M u}{}% 1
\BOOKMARK [0][-]{chapter.1}{Gii thiu Project}{}% 2
\BOOKMARK [0][-]{chapter.2}{\320c ta}{}% 3
\BOOKMARK [1][-]{section.2.1}{\320c ta chc nang}{chapter.2}% 4
\BOOKMARK [1][-]{section.2.2}{\320c ta d liu}{chapter.2}% 5
\BOOKMARK [2][-]{subsection.2.2.1}{M\364 h\354nh thc th li\352n kt}{section.2.2}% 6
\BOOKMARK [2][-]{subsection.2.2.2}{M\364 h\354nh quan h \(Bang lu trong CSDL\)}{section.2.2}% 7
\BOOKMARK [0][-]{chapter.3}{Ph\342n t\355ch thit k}{}% 8
\BOOKMARK [1][-]{section.3.1}{Ph\342n t\355ch y\352u cu phn mm menu din t}{chapter.3}% 9
\BOOKMARK [1][-]{section.3.2}{Thit k}{chapter.3}% 10
\BOOKMARK [0][-]{chapter.4}{Code}{}% 11
\BOOKMARK [1][-]{section.4.1}{C\364ng ngh s dung}{chapter.4}% 12
\BOOKMARK [0][-]{chapter.5}{Kim th}{}% 13
\BOOKMARK [1][-]{section.5.1}{Kim th hp en}{chapter.5}% 14
\BOOKMARK [2][-]{subsection.5.1.1}{Ph\342n t\355ch c ta v c\341c y\352u cu chc nang cua modular thu ng\342n cn thc hin.}{section.5.1}% 15
\BOOKMARK [2][-]{subsection.5.1.2}{S dung k\232 thut kim th ph\342n lp tng ng \040inh ngh\232a c\341c testcase cua c\341c chc nang tr\352n}{section.5.1}% 16
\BOOKMARK [2][-]{subsection.5.1.3}{Kim th c\341c testcase \343 inh ngh\232a}{section.5.1}% 17
\BOOKMARK [2][-]{subsection.5.1.4}{So s\341nh kt qua thu c vi k\354 vong\(lp bang\)}{section.5.1}% 18
\BOOKMARK [0][-]{chapter.6}{Kt lun}{}% 19
\BOOKMARK [0][-]{chapter.7}{Version Control}{}% 20
\BOOKMARK [0][-]{section*.4}{T\340i liu tham khao}{}% 21
