\BOOKMARK [0][-]{chapter*.2}{M u}{}% 1
\BOOKMARK [0][-]{chapter.1}{Gii thiu Project}{}% 2
\BOOKMARK [0][-]{chapter.2}{Ph\342n t\355ch v\340 c ta y\352u cu}{}% 3
\BOOKMARK [1][-]{section.2.1}{Ph\342n t\355ch y\352u cu phn mm menu din t}{chapter.2}% 4
\BOOKMARK [1][-]{section.2.2}{\320c ta}{chapter.2}% 5
\BOOKMARK [2][-]{subsection.2.2.1}{\320c ta chc nang}{section.2.2}% 6
\BOOKMARK [2][-]{subsection.2.2.2}{M\341y trang th\341i}{section.2.2}% 7
\BOOKMARK [2][-]{subsection.2.2.3}{\320c ta d liu}{section.2.2}% 8
\BOOKMARK [0][-]{chapter.3}{Thit k h thng}{}% 9
\BOOKMARK [1][-]{section.3.1}{Biu \040Class}{chapter.3}% 10
\BOOKMARK [1][-]{section.3.2}{Biu \040UseCase}{chapter.3}% 11
\BOOKMARK [0][-]{chapter.4}{Code}{}% 12
\BOOKMARK [1][-]{section.4.1}{C\364ng ngh s dung}{chapter.4}% 13
\BOOKMARK [0][-]{chapter.5}{Kim th}{}% 14
\BOOKMARK [1][-]{section.5.1}{Kim th hp en}{chapter.5}% 15
\BOOKMARK [2][-]{subsection.5.1.1}{Ph\342n t\355ch c ta v c\341c y\352u cu chc nang cua modular thu ng\342n cn thc hin.}{section.5.1}% 16
\BOOKMARK [2][-]{subsection.5.1.2}{S dung k\232 thut kim th ph\342n lp tng ng \040inh ngh\232a c\341c testcase cua c\341c chc nang tr\352n}{section.5.1}% 17
\BOOKMARK [2][-]{subsection.5.1.3}{Kim th c\341c testcase \343 inh ngh\232a}{section.5.1}% 18
\BOOKMARK [2][-]{subsection.5.1.4}{So s\341nh kt qua thu c vi k\354 vong\(lp bang\)}{section.5.1}% 19
\BOOKMARK [1][-]{section.5.2}{Kim th hp trng}{chapter.5}% 20
\BOOKMARK [2][-]{subsection.5.2.1}{\320oan code em ra kim th }{section.5.2}% 21
\BOOKMARK [2][-]{subsection.5.2.2}{S \040thut to\341n v\340 \040thi chng tr\354nh}{section.5.2}% 22
\BOOKMARK [0][-]{chapter.6}{Kt lun}{}% 23
\BOOKMARK [0][-]{chapter.7}{Version Control}{}% 24
\BOOKMARK [0][-]{section*.4}{T\340i liu tham khao}{}% 25
